<?xml version="1.0" encoding="UTF-8"?>
<testng-results ignored="0" total="2" passed="2" failed="0" skipped="0">
  <reporter-output>
  </reporter-output>
  <suite started-at="2022-01-23T17:21:58 EST" name="Ädhoc" finished-at="2022-01-23T17:23:09 EST" duration-ms="71413">
    <groups>
    </groups>
    <test started-at="2022-01-23T17:21:58 EST" name="RegressionOfChrome" finished-at="2022-01-23T17:22:32 EST" duration-ms="34745">
      <class name="TestNGHomeDepot.NewTest">
        <test-method is-config="true" signature="beforeMethod(java.lang.String,java.lang.String)[pri:0, instance:TestNGHomeDepot.NewTest@3d1cfad4]" started-at="2022-01-23T17:21:58 EST" name="beforeMethod" finished-at="2022-01-23T17:22:01 EST" duration-ms="3040" status="PASS">
          <params>
            <param index="0">
              <value>
                <![CDATA[Chrome]]>
              </value>
            </param>
            <param index="1">
              <value>
                <![CDATA[https://www.homedepot.com]]>
              </value>
            </param>
          </params>
          <reporter-output>
          </reporter-output>
        </test-method> <!-- beforeMethod -->
        <test-method signature="HomeDepottest()[pri:0, instance:TestNGHomeDepot.NewTest@3d1cfad4]" started-at="2022-01-23T17:22:01 EST" name="HomeDepottest" finished-at="2022-01-23T17:22:26 EST" duration-ms="24968" status="PASS">
          <reporter-output>
          </reporter-output>
        </test-method> <!-- HomeDepottest -->
        <test-method is-config="true" signature="afterMethod()[pri:0, instance:TestNGHomeDepot.NewTest@3d1cfad4]" started-at="2022-01-23T17:22:26 EST" name="afterMethod" finished-at="2022-01-23T17:22:32 EST" duration-ms="6714" status="PASS">
          <reporter-output>
          </reporter-output>
        </test-method> <!-- afterMethod -->
      </class> <!-- TestNGHomeDepot.NewTest -->
    </test> <!-- RegressionOfChrome -->
    <test started-at="2022-01-23T17:22:32 EST" name="RegressionOfEdge" finished-at="2022-01-23T17:23:09 EST" duration-ms="36588">
      <class name="TestNGHomeDepot.NewTest">
        <test-method is-config="true" signature="beforeMethod(java.lang.String,java.lang.String)[pri:0, instance:TestNGHomeDepot.NewTest@71def8f8]" started-at="2022-01-23T17:22:32 EST" name="beforeMethod" finished-at="2022-01-23T17:22:37 EST" duration-ms="4786" status="PASS">
          <params>
            <param index="0">
              <value>
                <![CDATA[Edge]]>
              </value>
            </param>
            <param index="1">
              <value>
                <![CDATA[https://www.homedepot.com]]>
              </value>
            </param>
          </params>
          <reporter-output>
          </reporter-output>
        </test-method> <!-- beforeMethod -->
        <test-method signature="HomeDepottest()[pri:0, instance:TestNGHomeDepot.NewTest@71def8f8]" started-at="2022-01-23T17:22:37 EST" name="HomeDepottest" finished-at="2022-01-23T17:23:02 EST" duration-ms="24631" status="PASS">
          <reporter-output>
          </reporter-output>
        </test-method> <!-- HomeDepottest -->
        <test-method is-config="true" signature="afterMethod()[pri:0, instance:TestNGHomeDepot.NewTest@71def8f8]" started-at="2022-01-23T17:23:02 EST" name="afterMethod" finished-at="2022-01-23T17:23:09 EST" duration-ms="7169" status="PASS">
          <reporter-output>
          </reporter-output>
        </test-method> <!-- afterMethod -->
      </class> <!-- TestNGHomeDepot.NewTest -->
    </test> <!-- RegressionOfEdge -->
  </suite> <!-- Ädhoc -->
</testng-results>
